{"/home/joel/Desktop/AltCampus/TA-JS-advanced-dom-and-test-TJaaan/block-BJaajh/code/index.js": {"path":"/home/joel/Desktop/AltCampus/TA-JS-advanced-dom-and-test-TJaaan/block-BJaajh/code/index.js","statementMap":{"0":{"start":{"line":2,"column":17},"end":{"line":2,"column":19}},"1":{"start":{"line":3,"column":4},"end":{"line":9,"column":5}},"2":{"start":{"line":4,"column":6},"end":{"line":4,"column":40}},"3":{"start":{"line":5,"column":11},"end":{"line":9,"column":5}},"4":{"start":{"line":6,"column":6},"end":{"line":6,"column":39}},"5":{"start":{"line":8,"column":6},"end":{"line":8,"column":43}},"6":{"start":{"line":11,"column":4},"end":{"line":11,"column":18}},"7":{"start":{"line":14,"column":0},"end":{"line":16,"column":1}}},"fnMap":{"0":{"name":"checkFive","decl":{"start":{"line":1,"column":9},"end":{"line":1,"column":18}},"loc":{"start":{"line":1,"column":24},"end":{"line":12,"column":3}},"line":1}},"branchMap":{"0":{"loc":{"start":{"line":3,"column":4},"end":{"line":9,"column":5}},"type":"if","locations":[{"start":{"line":3,"column":4},"end":{"line":9,"column":5}},{"start":{"line":3,"column":4},"end":{"line":9,"column":5}}],"line":3},"1":{"loc":{"start":{"line":5,"column":11},"end":{"line":9,"column":5}},"type":"if","locations":[{"start":{"line":5,"column":11},"end":{"line":9,"column":5}},{"start":{"line":5,"column":11},"end":{"line":9,"column":5}}],"line":5}},"s":{"0":3,"1":3,"2":1,"3":2,"4":1,"5":1,"6":3,"7":1},"f":{"0":3},"b":{"0":[1,2],"1":[1,1]},"_coverageSchema":"1a1c01bbd47fc00a2c39e90264f33305004495a9","hash":"1eddb6e61d85efc0b01f6268116141ab57fb40da"}
}
