{"/home/joel/Desktop/AltCampus/TA-JS-advanced-dom-and-test-TJaaan/block-BJaajd/code/calculator.js": {"path":"/home/joel/Desktop/AltCampus/TA-JS-advanced-dom-and-test-TJaaan/block-BJaajd/code/calculator.js","statementMap":{"0":{"start":{"line":2,"column":2},"end":{"line":2,"column":14}},"1":{"start":{"line":6,"column":2},"end":{"line":6,"column":12}},"2":{"start":{"line":10,"column":2},"end":{"line":10,"column":14}},"3":{"start":{"line":14,"column":2},"end":{"line":14,"column":14}},"4":{"start":{"line":18,"column":2},"end":{"line":18,"column":13}},"5":{"start":{"line":23,"column":0},"end":{"line":29,"column":2}}},"fnMap":{"0":{"name":"add","decl":{"start":{"line":1,"column":9},"end":{"line":1,"column":12}},"loc":{"start":{"line":1,"column":18},"end":{"line":3,"column":1}},"line":1},"1":{"name":"subtract","decl":{"start":{"line":5,"column":9},"end":{"line":5,"column":17}},"loc":{"start":{"line":5,"column":23},"end":{"line":7,"column":1}},"line":5},"2":{"name":"sum","decl":{"start":{"line":9,"column":9},"end":{"line":9,"column":12}},"loc":{"start":{"line":9,"column":18},"end":{"line":11,"column":1}},"line":9},"3":{"name":"multiply","decl":{"start":{"line":13,"column":9},"end":{"line":13,"column":17}},"loc":{"start":{"line":13,"column":23},"end":{"line":15,"column":1}},"line":13},"4":{"name":"power","decl":{"start":{"line":17,"column":9},"end":{"line":17,"column":14}},"loc":{"start":{"line":17,"column":21},"end":{"line":19,"column":1}},"line":17}},"branchMap":{},"s":{"0":1,"1":1,"2":1,"3":1,"4":1,"5":1},"f":{"0":1,"1":1,"2":1,"3":1,"4":1},"b":{},"_coverageSchema":"1a1c01bbd47fc00a2c39e90264f33305004495a9","hash":"4544a5dcef20790600e656082a521de698486639"}
}
